{
  "stats": {
    "suites": 1,
    "tests": 12,
    "passes": 12,
    "pending": 0,
    "failures": 0,
    "start": "2023-12-11T23:42:44.640Z",
    "end": "2023-12-11T23:43:13.463Z",
    "duration": 28823,
    "testsRegistered": 12,
    "passPercent": 100,
    "pendingPercent": 0,
    "other": 0,
    "hasOther": false,
    "skipped": 0,
    "hasSkipped": false
  },
  "results": [
    {
      "uuid": "e00a566f-cf9c-4684-8125-9f8aab28dce5",
      "title": "",
      "fullFile": "/Users/vijay_1/Documents/repos/star-wars-api-tests/test/star-wars-api.test.js",
      "file": "/test/star-wars-api.test.js",
      "beforeHooks": [],
      "afterHooks": [],
      "tests": [],
      "suites": [
        {
          "uuid": "dcc6bd15-0bf2-4e59-933b-1b0b17b69ff3",
          "title": "Star Wars API Tests",
          "fullFile": "/Users/vijay_1/Documents/repos/star-wars-api-tests/test/star-wars-api.test.js",
          "file": "/test/star-wars-api.test.js",
          "beforeHooks": [],
          "afterHooks": [],
          "tests": [
            {
              "title": "should retrieve a list of all Star Wars characters",
              "fullTitle": "Star Wars API Tests should retrieve a list of all Star Wars characters",
              "timedOut": false,
              "duration": 3852,
              "state": "passed",
              "speed": "slow",
              "pass": true,
              "fail": false,
              "pending": false,
              "context": null,
              "code": "const characters = await makeRequest(`${swapiUrl}/people`);\nassert.ok(characters.results && characters.results.length > 0, 'No characters returned');",
              "err": {},
              "uuid": "f68c6263-da98-4b4f-88e0-a0fda8ae4fdd",
              "parentUUID": "dcc6bd15-0bf2-4e59-933b-1b0b17b69ff3",
              "isHook": false,
              "skipped": false
            },
            {
              "title": "should retrieve details for a specific Star Wars character",
              "fullTitle": "Star Wars API Tests should retrieve details for a specific Star Wars character",
              "timedOut": false,
              "duration": 1219,
              "state": "passed",
              "speed": "slow",
              "pass": true,
              "fail": false,
              "pending": false,
              "context": null,
              "code": "const characterName = \"Luke Skywalker\";\nconst characters = await makeRequest(`${swapiUrl}/people`, { search: characterName });\nassert.strictEqual(characters.count, 1, 'Incorrect number of results');\nassert.strictEqual(characters.results[0].name, characterName, 'Incorrect character details');",
              "err": {},
              "uuid": "991511fe-aeec-45cf-a943-fdd920e08fbc",
              "parentUUID": "dcc6bd15-0bf2-4e59-933b-1b0b17b69ff3",
              "isHook": false,
              "skipped": false
            },
            {
              "title": "should retrieve a list of all Star Wars films",
              "fullTitle": "Star Wars API Tests should retrieve a list of all Star Wars films",
              "timedOut": false,
              "duration": 7960,
              "state": "passed",
              "speed": "slow",
              "pass": true,
              "fail": false,
              "pending": false,
              "context": null,
              "code": "const films = await makeRequest(`${swapiUrl}/films`);\nassert.ok(films.results && films.results.length > 0, 'No films returned');",
              "err": {},
              "uuid": "39a71bb9-6266-4463-99a5-548d17e379df",
              "parentUUID": "dcc6bd15-0bf2-4e59-933b-1b0b17b69ff3",
              "isHook": false,
              "skipped": false
            },
            {
              "title": "should retrieve details for a specific Star Wars film",
              "fullTitle": "Star Wars API Tests should retrieve details for a specific Star Wars film",
              "timedOut": false,
              "duration": 1460,
              "state": "passed",
              "speed": "slow",
              "pass": true,
              "fail": false,
              "pending": false,
              "context": null,
              "code": "const filmTitle = \"A New Hope\";\nconst films = await makeRequest(`${swapiUrl}/films`, { search: filmTitle });\nassert.strictEqual(films.count, 1, 'Incorrect number of results');\nassert.strictEqual(films.results[0].title, filmTitle, 'Incorrect film details');",
              "err": {},
              "uuid": "172f3496-3c84-43dc-b8e5-27afafe49635",
              "parentUUID": "dcc6bd15-0bf2-4e59-933b-1b0b17b69ff3",
              "isHook": false,
              "skipped": false
            },
            {
              "title": "should retrieve a list of Star Wars starships",
              "fullTitle": "Star Wars API Tests should retrieve a list of Star Wars starships",
              "timedOut": false,
              "duration": 2788,
              "state": "passed",
              "speed": "slow",
              "pass": true,
              "fail": false,
              "pending": false,
              "context": null,
              "code": "const starships = await makeRequest(`${swapiUrl}/starships`);\nassert.ok(starships.results && starships.results.length > 0, 'No starships returned');",
              "err": {},
              "uuid": "bdbd4337-6b60-47db-a312-95ee26745e75",
              "parentUUID": "dcc6bd15-0bf2-4e59-933b-1b0b17b69ff3",
              "isHook": false,
              "skipped": false
            },
            {
              "title": "should handle non-existing character gracefully",
              "fullTitle": "Star Wars API Tests should handle non-existing character gracefully",
              "timedOut": false,
              "duration": 873,
              "state": "passed",
              "speed": "slow",
              "pass": true,
              "fail": false,
              "pending": false,
              "context": null,
              "code": "const nonExistingCharacterName = \"NonExistingCharacter123\";\nconst characters = await makeRequest(`${swapiUrl}/people`, { search: nonExistingCharacterName });\nassert.strictEqual(characters.count, 0, 'Results returned for a non-existing character');",
              "err": {},
              "uuid": "d2e478ca-e13f-4c70-a7b9-c84d2a7a2488",
              "parentUUID": "dcc6bd15-0bf2-4e59-933b-1b0b17b69ff3",
              "isHook": false,
              "skipped": false
            },
            {
              "title": "should retrieve a list of all Star Wars planets",
              "fullTitle": "Star Wars API Tests should retrieve a list of all Star Wars planets",
              "timedOut": false,
              "duration": 2116,
              "state": "passed",
              "speed": "slow",
              "pass": true,
              "fail": false,
              "pending": false,
              "context": null,
              "code": "const planets = await makeRequest(`${swapiUrl}/planets`);\nassert.ok(planets.results && planets.results.length > 0, 'No planets returned');",
              "err": {},
              "uuid": "08a022f3-01b1-4e6b-90c2-87314546ac0f",
              "parentUUID": "dcc6bd15-0bf2-4e59-933b-1b0b17b69ff3",
              "isHook": false,
              "skipped": false
            },
            {
              "title": "should retrieve a list of all Star Wars species",
              "fullTitle": "Star Wars API Tests should retrieve a list of all Star Wars species",
              "timedOut": false,
              "duration": 2790,
              "state": "passed",
              "speed": "slow",
              "pass": true,
              "fail": false,
              "pending": false,
              "context": null,
              "code": "const species = await makeRequest(`${swapiUrl}/species`);\nassert.ok(species.results && species.results.length > 0, 'No species returned');",
              "err": {},
              "uuid": "e2e4daa7-8966-4137-87f1-fbda00ccabb6",
              "parentUUID": "dcc6bd15-0bf2-4e59-933b-1b0b17b69ff3",
              "isHook": false,
              "skipped": false
            },
            {
              "title": "should retrieve a list of all Star Wars vehicles",
              "fullTitle": "Star Wars API Tests should retrieve a list of all Star Wars vehicles",
              "timedOut": false,
              "duration": 1748,
              "state": "passed",
              "speed": "slow",
              "pass": true,
              "fail": false,
              "pending": false,
              "context": null,
              "code": "const vehicles = await makeRequest(`${swapiUrl}/vehicles`);\nassert.ok(vehicles.results && vehicles.results.length > 0, 'No vehicles returned');",
              "err": {},
              "uuid": "28106a15-e6e9-4bfa-8b51-7f82bcfccfd1",
              "parentUUID": "dcc6bd15-0bf2-4e59-933b-1b0b17b69ff3",
              "isHook": false,
              "skipped": false
            },
            {
              "title": "should return 404 for an invalid endpoint",
              "fullTitle": "Star Wars API Tests should return 404 for an invalid endpoint",
              "timedOut": false,
              "duration": 1763,
              "state": "passed",
              "speed": "slow",
              "pass": true,
              "fail": false,
              "pending": false,
              "context": null,
              "code": "try {\n    await makeRequest(`${swapiUrl}/invalidEndpoint`);\n    // If the request does not throw an error, fail the test\n    assert.fail('Request to an invalid endpoint did not return a 404 status');\n} catch (error) {\n    assert.strictEqual(error.response.status, 404, 'Unexpected status code for an invalid endpoint');\n}",
              "err": {},
              "uuid": "7043ac5b-aa07-47ee-842e-5aabeabb2253",
              "parentUUID": "dcc6bd15-0bf2-4e59-933b-1b0b17b69ff3",
              "isHook": false,
              "skipped": false
            },
            {
              "title": "should retrieve details for a specific Star Wars starship",
              "fullTitle": "Star Wars API Tests should retrieve details for a specific Star Wars starship",
              "timedOut": false,
              "duration": 1018,
              "state": "passed",
              "speed": "slow",
              "pass": true,
              "fail": false,
              "pending": false,
              "context": null,
              "code": "const starshipName = \"Millennium Falcon\";\nconst starships = await makeRequest(`${swapiUrl}/starships`, { search: starshipName });\nassert.strictEqual(starships.count, 1, 'Incorrect number of results');\nassert.strictEqual(starships.results[0].name, starshipName, 'Incorrect starship details');",
              "err": {},
              "uuid": "29c520d9-cea4-433b-b37d-f2fc2acae837",
              "parentUUID": "dcc6bd15-0bf2-4e59-933b-1b0b17b69ff3",
              "isHook": false,
              "skipped": false
            },
            {
              "title": "should retrieve details for a specific Star Wars planet",
              "fullTitle": "Star Wars API Tests should retrieve details for a specific Star Wars planet",
              "timedOut": false,
              "duration": 1217,
              "state": "passed",
              "speed": "slow",
              "pass": true,
              "fail": false,
              "pending": false,
              "context": null,
              "code": "const planetName = \"Tatooine\";\nconst planets = await makeRequest(`${swapiUrl}/planets`, { search: planetName });\nassert.strictEqual(planets.count, 1, 'Incorrect number of results');\nassert.strictEqual(planets.results[0].name, planetName, 'Incorrect planet details');",
              "err": {},
              "uuid": "2b8998cc-6001-4be5-96ac-bc66bff995b3",
              "parentUUID": "dcc6bd15-0bf2-4e59-933b-1b0b17b69ff3",
              "isHook": false,
              "skipped": false
            }
          ],
          "suites": [],
          "passes": [
            "f68c6263-da98-4b4f-88e0-a0fda8ae4fdd",
            "991511fe-aeec-45cf-a943-fdd920e08fbc",
            "39a71bb9-6266-4463-99a5-548d17e379df",
            "172f3496-3c84-43dc-b8e5-27afafe49635",
            "bdbd4337-6b60-47db-a312-95ee26745e75",
            "d2e478ca-e13f-4c70-a7b9-c84d2a7a2488",
            "08a022f3-01b1-4e6b-90c2-87314546ac0f",
            "e2e4daa7-8966-4137-87f1-fbda00ccabb6",
            "28106a15-e6e9-4bfa-8b51-7f82bcfccfd1",
            "7043ac5b-aa07-47ee-842e-5aabeabb2253",
            "29c520d9-cea4-433b-b37d-f2fc2acae837",
            "2b8998cc-6001-4be5-96ac-bc66bff995b3"
          ],
          "failures": [],
          "pending": [],
          "skipped": [],
          "duration": 28804,
          "root": false,
          "rootEmpty": false,
          "_timeout": 10000
        }
      ],
      "passes": [],
      "failures": [],
      "pending": [],
      "skipped": [],
      "duration": 0,
      "root": true,
      "rootEmpty": true,
      "_timeout": 2000
    }
  ],
  "meta": {
    "mocha": {
      "version": "10.2.0"
    },
    "mochawesome": {
      "options": {
        "quiet": false,
        "reportFilename": "mochawesome",
        "saveHtml": true,
        "saveJson": true,
        "consoleReporter": "spec",
        "useInlineDiffs": false,
        "code": true
      },
      "version": "7.1.3"
    },
    "marge": {
      "options": null,
      "version": "6.2.0"
    }
  }
}